build/intermediates/manifest_merge_blame_file/debug/manifest-merger-blame-debug-report.txt
1<?xml version="1.0" encoding="utf-8"?>
2<manifest xmlns:android="http://schemas.android.com/apk/res/android"
3    package="com.example.aurras_mdev"
4    android:versionCode="1"
5    android:versionName="1.0" >
6
7    <uses-sdk
8        android:minSdkVersion="27"
8-->src\main\AndroidManifest.xml
9        android:targetSdkVersion="30" />
9-->src\main\AndroidManifest.xml
10
11    <!-- Although the *SdkVersion is captured in gradle build files, this is required for non gradle builds -->
12    <!-- <uses-sdk android:minSdkVersion="14" /> -->
13    <uses-permission android:name="android.permission.ACCESS_NETWORK_STATE" />
13-->[com.google.firebase:firebase-firestore:21.4.3] AndroidManifest.xml:13:5-79
13-->[com.google.firebase:firebase-firestore:21.4.3] AndroidManifest.xml:13:22-76
14    <uses-permission android:name="android.permission.INTERNET" />
14-->[com.google.firebase:firebase-firestore:21.4.3] AndroidManifest.xml:14:5-67
14-->[com.google.firebase:firebase-firestore:21.4.3] AndroidManifest.xml:14:22-64
15
16    <application
16-->src\main\AndroidManifest.xml:5:5-24:19
17        android:allowBackup="true"
17-->src\main\AndroidManifest.xml:6:9-35
18        android:appComponentFactory="androidx.core.app.CoreComponentFactory"
18-->[androidx.core:core:1.3.1] AndroidManifest.xml:24:18-86
19        android:configChanges="orientation|keyboardHidden|screenSize"
19-->[gr.pantrif:easy-android-splash-screen:0.0.1] AndroidManifest.xml:14:9-70
20        android:debuggable="true"
21        android:extractNativeLibs="false"
22        android:icon="@mipmap/ic_launcher"
22-->src\main\AndroidManifest.xml:7:9-43
23        android:label="@string/app_name"
23-->src\main\AndroidManifest.xml:8:9-41
24        android:roundIcon="@mipmap/ic_launcher_round"
24-->src\main\AndroidManifest.xml:9:9-54
25        android:supportsRtl="true"
25-->src\main\AndroidManifest.xml:10:9-35
26        android:testOnly="true"
27        android:theme="@style/AppTheme" >
27-->src\main\AndroidManifest.xml:11:9-40
28        <activity android:name="com.example.aurras_mdev.PageNotFound" />
28-->src\main\AndroidManifest.xml:12:9-59
28-->src\main\AndroidManifest.xml:12:19-47
29        <activity android:name="com.example.aurras_mdev.MainActivity" /> <!-- Login page -->
29-->src\main\AndroidManifest.xml:13:9-50
29-->src\main\AndroidManifest.xml:13:19-47
30        <activity android:name="com.example.aurras_mdev.SplashScreen" >
30-->src\main\AndroidManifest.xml:14:9-20:20
30-->src\main\AndroidManifest.xml:14:19-47
31            <intent-filter>
31-->src\main\AndroidManifest.xml:15:13-19:29
32                <action android:name="android.intent.action.MAIN" />
32-->src\main\AndroidManifest.xml:16:17-69
32-->src\main\AndroidManifest.xml:16:25-66
33
34                <category android:name="android.intent.category.LAUNCHER" />
34-->src\main\AndroidManifest.xml:18:17-77
34-->src\main\AndroidManifest.xml:18:27-74
35            </intent-filter>
36        </activity> <!-- Forgot password page -->
37        <activity android:name="com.example.aurras_mdev.ForgotPasscode" /> <!-- Main app page -->
37-->src\main\AndroidManifest.xml:21:9-52
37-->src\main\AndroidManifest.xml:21:19-49
38        <activity android:name="com.example.aurras_mdev.MusicPlayer" /> <!-- Registration Page -->
38-->src\main\AndroidManifest.xml:22:9-49
38-->src\main\AndroidManifest.xml:22:19-46
39        <activity android:name="com.example.aurras_mdev.Register" />
39-->src\main\AndroidManifest.xml:23:9-46
39-->src\main\AndroidManifest.xml:23:19-43
40
41        <service
41-->[com.google.firebase:firebase-firestore:21.4.3] AndroidManifest.xml:17:9-23:19
42            android:name="com.google.firebase.components.ComponentDiscoveryService"
42-->[com.google.firebase:firebase-firestore:21.4.3] AndroidManifest.xml:18:13-84
43            android:directBootAware="true"
43-->[com.google.firebase:firebase-common:19.3.0] AndroidManifest.xml:34:13-43
44            android:exported="false" >
44-->[com.google.firebase:firebase-firestore:21.4.3] AndroidManifest.xml:19:13-37
45            <meta-data
45-->[com.google.firebase:firebase-firestore:21.4.3] AndroidManifest.xml:20:13-22:85
46                android:name="com.google.firebase.components:com.google.firebase.firestore.FirestoreRegistrar"
46-->[com.google.firebase:firebase-firestore:21.4.3] AndroidManifest.xml:21:17-111
47                android:value="com.google.firebase.components.ComponentRegistrar" />
47-->[com.google.firebase:firebase-firestore:21.4.3] AndroidManifest.xml:22:17-82
48        </service>
49
50        <activity
50-->[com.google.android.gms:play-services-base:17.0.0] AndroidManifest.xml:23:9-26:75
51            android:name="com.google.android.gms.common.api.GoogleApiActivity"
51-->[com.google.android.gms:play-services-base:17.0.0] AndroidManifest.xml:24:13-79
52            android:exported="false"
52-->[com.google.android.gms:play-services-base:17.0.0] AndroidManifest.xml:25:13-37
53            android:theme="@android:style/Theme.Translucent.NoTitleBar" />
53-->[com.google.android.gms:play-services-base:17.0.0] AndroidManifest.xml:26:13-72
54
55        <provider
55-->[com.google.firebase:firebase-common:19.3.0] AndroidManifest.xml:26:9-30:39
56            android:name="com.google.firebase.provider.FirebaseInitProvider"
56-->[com.google.firebase:firebase-common:19.3.0] AndroidManifest.xml:27:13-77
57            android:authorities="com.example.aurras_mdev.firebaseinitprovider"
57-->[com.google.firebase:firebase-common:19.3.0] AndroidManifest.xml:28:13-72
58            android:exported="false"
58-->[com.google.firebase:firebase-common:19.3.0] AndroidManifest.xml:29:13-37
59            android:initOrder="100" />
59-->[com.google.firebase:firebase-common:19.3.0] AndroidManifest.xml:30:13-36
60
61        <meta-data
61-->[com.google.android.gms:play-services-basement:17.0.0] AndroidManifest.xml:23:9-25:69
62            android:name="com.google.android.gms.version"
62-->[com.google.android.gms:play-services-basement:17.0.0] AndroidManifest.xml:24:13-58
63            android:value="@integer/google_play_services_version" />
63-->[com.google.android.gms:play-services-basement:17.0.0] AndroidManifest.xml:25:13-66
64    </application>
65
66</manifest>